%1%
5 8 1
SIGXX
SIGYY
SIGZZ
SIGXY
SIG1
  0.0000e+00    5.0000e-01    0.0000e+00    -4.3103e-05
  5.0000e-01    1.0000e+00    1.7241e-04    -8.6207e-05
  1.0000e+00    5.0000e-01    3.4483e-04    -4.3103e-05
  5.0000e-01    0.0000e+00    1.7241e-04    3.8625e-19
  0.0000e+00    1.0000e+00    0.0000e+00    -8.6207e-05
  1.0000e+00    1.0000e+00    3.4483e-04    -8.6207e-05
  1.0000e+00    0.0000e+00    3.4483e-04    7.3184e-19
  0.0000e+00    0.0000e+00    0.0000e+00    0.0000e+00
8 8 7 6 5 4 3 2 1 
 1.0000e+01    2.5220e-15    0.0000e+00    4.2873e-15    1.0000e+01
 1.0000e+01    9.9313e-16    0.0000e+00    4.4902e-15    1.0000e+01
 1.0000e+01    -1.5350e-16    0.0000e+00    -8.3739e-16    1.0000e+01
 1.0000e+01    1.3753e-15    0.0000e+00    -1.0403e-15    1.0000e+01
 1.0000e+01    1.7576e-15    0.0000e+00    4.3887e-15    1.0000e+01
 1.0000e+01    4.1982e-16    0.0000e+00    1.8264e-15    1.0000e+01
 1.0000e+01    6.1092e-16    0.0000e+00    -9.3887e-16    1.0000e+01
 1.0000e+01    1.9487e-15    0.0000e+00    1.6235e-15    1.0000e+01
