+-------------------------------------------------------------------------+
|                Gauss : A 2-D Finite Elements Program                    |
+-------------------------------------------------------------------------+

***Problem Title***
//Benchmark proble: plate with a hole, p.strain, yy traction on top

***Problem Size***
Nodes = 213  Elements = 60  Materials = 1  Problem Type = 2(Plane Strain)

***Material Data***
Elastic Material
Material ID     = 1
Young's Modulus = 21000
Poisson's Ratio = 0.3
Problem Type    = 2
Thickness       = 1

 ***Element Data***
ElemID  Material      Node Connectivity
   1       1          7    1    173    174    175    2    10    8
   2       1          10    2    175    176    177    3    13    11
   3       1          13    3    177    178    179    4    16    14
   4       1          16    4    179    180    210    150    151    17
   5       1          148    5    7    6    20    18    146    147
   6       1          20    6    7    8    10    9    23    21
   7       1          23    9    10    11    13    12    26    24
   8       1          26    12    13    14    16    15    29    27
   9       1          29    15    16    17    151    152    153    30
   10       1          146    18    20    19    33    31    144    145
   11       1          33    19    20    21    23    22    36    34
   12       1          36    22    23    24    26    25    39    37
   13       1          39    25    26    27    29    28    42    40
   14       1          42    28    29    30    153    154    155    43
   15       1          144    31    33    32    46    44    142    143
   16       1          46    32    33    34    36    35    49    47
   17       1          49    35    36    37    39    38    52    50
   18       1          52    38    39    40    42    41    55    53
   19       1          55    41    42    43    155    156    157    56
   20       1          142    44    46    45    59    57    140    141
   21       1          59    45    46    47    49    48    62    60
   22       1          62    48    49    50    52    51    65    63
   23       1          65    51    52    53    55    54    68    66
   24       1          68    54    55    56    157    158    159    69
   25       1          140    57    59    58    182    181    212    139
   26       1          182    58    59    60    62    61    184    183
   27       1          184    61    62    63    65    64    186    185
   28       1          186    64    65    66    68    67    188    187
   29       1          188    67    68    69    159    160    208    189
   30       1          76    70    206    205    204    71    79    77
   31       1          79    71    204    203    202    72    82    80
   32       1          82    72    202    201    200    73    85    83
   33       1          85    73    200    199    208    160    159    86
   34       1          170    74    76    75    89    87    168    169
   35       1          89    75    76    77    79    78    92    90
   36       1          92    78    79    80    82    81    95    93
   37       1          95    81    82    83    85    84    98    96
   38       1          98    84    85    86    159    158    157    99
   39       1          168    87    89    88    102    100    166    167
   40       1          102    88    89    90    92    91    105    103
   41       1          105    91    92    93    95    94    108    106
   42       1          108    94    95    96    98    97    111    109
   43       1          111    97    98    99    157    156    155    112
   44       1          166    100    102    101    115    113    164    165
   45       1          115    101    102    103    105    104    118    116
   46       1          118    104    105    106    108    107    121    119
   47       1          121    107    108    109    111    110    124    122
   48       1          124    110    111    112    155    154    153    125
   49       1          164    113    115    114    128    126    162    163
   50       1          128    114    115    116    118    117    131    129
   51       1          131    117    118    119    121    120    134    132
   52       1          134    120    121    122    124    123    137    135
   53       1          137    123    124    125    153    152    151    138
   54       1          162    126    128    127    197    198    211    161
   55       1          197    127    128    129    131    130    195    196
   56       1          195    130    131    132    134    133    193    194
   57       1          193    133    134    135    137    136    191    192
   58       1          191    136    137    138    151    150    210    190
   59       1          7    5    148    149    209    172    173    1
   60       1          76    74    170    171    213    207    206    70

***Nodal Data***
    1    4.49842    0.894795
    2    4.49373    1.78909
    3    4.48604    2.6824
    4    4.47555    3.57426
    5    3.99842    0.394795
    6    3.56215    0.698413
    7    3.99684    0.78959
    8    3.99215    1.18389
    9    3.54869    1.39539
    10    3.98746    1.57818
    11    3.97977    1.97149
    12    3.52665    2.08955
    13    3.97208    2.3648
    14    3.96159    2.75666
    15    3.49658    2.77955
    16    3.9511    3.14852
    17    3.93807    3.53851
    18    3.13039    0.303618
    19    2.75962    0.530085
    20    3.12744    0.607236
    21    3.11869    0.909921
    22    2.73866    1.05794
    23    3.10993    1.21261
    24    3.09557    1.51345
    25    2.70432    1.58139
    26    3.08122    1.81429
    27    3.06164    2.11243
    28    2.65746    2.09836
    29    3.04205    2.41057
    30    3.01773    2.70521
    31    2.3959    0.226468
    32    2.09085    0.389813
    33    2.3918    0.452935
    34    2.3796    0.678104
    35    2.06364    0.776727
    36    2.3674    0.903273
    37    2.34741    1.12588
    38    2.01904    1.15792
    39    2.32742    1.34848
    40    2.30014    1.56732
    41    1.95819    1.53071
    42    2.27286    1.78615
    43    2.23899    2.00012
    44    1.79495    0.163345
    45    1.55584    0.277594
    46    1.78991    0.32669
    47    1.77489    0.488436
    48    1.52361    0.551758
    49    1.75987    0.650182
    50    1.73527    0.808771
    51    1.47082    0.819147
    52    1.71067    0.96736
    53    1.67709    1.12131
    54    1.39878    1.07659
    55    1.64352    1.27527
    56    1.60183    1.42322
    57    1.32755    0.114249
    58    1.15457    0.19343
    59    1.32177    0.228499
    60    1.30456    0.340916
    61    1.1186    0.38303
    62    1.28736    0.453334
    63    1.25916    0.562134
    64    1.05965    0.565067
    65    1.23097    0.670934
    66    1.1925    0.774422
    67    0.97922    0.735997
    68    1.15404    0.87791
    69    1.10626    0.974527
    70    0.189735    1.15516
    71    0.375914    1.12091
    72    0.555067    1.06475
    73    0.72389    0.988016
    74    0.112482    1.32783
    75    0.274284    1.55636
    76    0.224964    1.32233
    77    0.335745    1.30595
    78    0.545384    1.52569
    79    0.446527    1.28957
    80    0.553947    1.26271
    81    0.81019    1.47538
    82    0.661368    1.23585
    83    0.763849    1.19915
    84    1.06574    1.40666
    85    0.86633    1.16245
    86    0.96241    1.1168
    87    0.161802    1.7952
    88    0.387017    2.09129
    89    0.323605    1.79039
    90    0.483923    1.7761
    91    0.771344    2.06539
    92    0.644242    1.76181
    93    0.801627    1.73836
    94    1.15036    2.0229
    95    0.959012    1.71492
    96    1.11209    1.68289
    97    1.52155    1.96485
    98    1.26516    1.65087
    99    1.41265    1.61102
    100    0.225215    2.3961
    101    0.527933    2.75996
    102    0.450429    2.3922
    103    0.674438    2.38058
    104    1.05379    2.74001
    105    0.898446    2.36897
    106    1.12007    2.34992
    107    1.57556    2.70729
    108    1.3417    2.33087
    109    1.55982    2.30485
    110    2.09131    2.66258
    111    1.77794    2.27883
    112    1.99153    2.24646
    113    0.302718    3.13053
    114    0.697031    3.56236
    115    0.605436    3.12773
    116    0.907289    3.11939
    117    1.39273    3.54956
    118    1.20914    3.11105
    119    1.50928    3.09738
    120    2.08581    3.52856
    121    1.80942    3.0837
    122    2.10705    3.06502
    123    2.77502    3.49987
    124    2.40468    3.04634
    125    2.69904    3.0231
    126    0.394313    3.9985
    127    0.894313    4.4985
    128    0.788627    3.997
    129    1.18248    3.99253
    130    1.78816    4.49403
    131    1.57632    3.98806
    132    1.96926    3.98074
    133    2.6811    4.48671
    134    2.36219    3.97341
    135    2.75378    3.9634
    136    3.57268    4.4767
    137    3.14536    3.95339
    138    3.5352    3.94094
    139    1.16667    0
    140    1.33333    0
    141    1.56667    0
    142    1.8    0
    143    2.1    0
    144    2.4    0
    145    2.76667    0
    146    3.13333    0
    147    3.56667    0
    148    4    0
    149    4.5    0
    150    4.46252    4.46425
    151    3.92504    3.92849
    152    3.45923    3.46417
    153    2.99341    2.99986
    154    2.59926    2.60697
    155    2.20511    2.21408
    156    1.88262    1.89263
    157    1.56014    1.57118
    158    1.30931    1.32116
    159    1.05849    1.07114
    160    0.879332    0.892559
    161    0    4.5
    162    0    4
    163    0    3.56667
    164    0    3.13333
    165    0    2.76667
    166    0    2.4
    167    0    2.1
    168    0    1.8
    169    0    1.56667
    170    0    1.33333
    171    0    1.16667
    172    5    0.5
    173    5    1
    174    5    1.5
    175    5    2
    176    5    2.5
    177    5    3
    178    5    3.5
    179    5    4
    180    5    4.5
    181    0.99684    0.079432
    182    0.987381    0.158362
    183    0.971682    0.236291
    184    0.949843    0.312727
    185    0.922001    0.387187
    186    0.888333    0.4592
    187    0.849051    0.528311
    188    0.804403    0.594084
    189    0.754672    0.656102
    190    4.5    5
    191    4    5
    192    3.5    5
    193    3    5
    194    2.5    5
    195    2    5
    196    1.5    5
    197    1    5
    198    0.5    5
    199    0.642744    0.766081
    200    0.581451    0.813582
    201    0.516661    0.85619
    202    0.448765    0.89365
    203    0.378171    0.925736
    204    0.305302    0.952256
    205    0.230597    0.973049
    206    0.154506    0.987992
    207    0.0774861    0.996993
    208    0.700172    0.713974
    209    5    0
    210    5    5
    211    0    5
    212    1    0
    213    0    1

***Essential BC Data***
    161    0    0
    162    0    0
    163    0    0
    164    0    0
    165    0    0
    166    0    0
    167    0    0
    168    0    0
    169    0    0
    170    0    0
    171    0    0
    211    0    0
    213    0    0
    139    1    0
    140    1    0
    141    1    0
    142    1    0
    143    1    0
    144    1    0
    145    1    0
    146    1    0
    147    1    0
    148    1    0
    149    1    0
    209    1    0
    212    1    0

***Point BC Data***

***Natural BC Data***
    210    190    191    50
    191    192    193    50
    193    194    195    50
    195    196    197    50
    197    198    211    50

***Stiffness Matrix (Element 1)***
Row 0
   1.4444e+04   5.7379e+03  -1.7960e+04  -3.2167e+03   1.0175e+04  -1.6630e+03
  -4.9147e+03   9.0461e+02   6.1469e+03   2.1236e+03  -1.0270e+04  -2.2860e+03
   9.5450e+03  -1.9689e+03  -7.1655e+03   3.6852e+02

Row 1
   5.7379e+03   2.2413e+04  -5.9090e+03  -3.0777e+03  -9.8993e+02   8.4739e+03
   9.0461e+02  -1.4487e+04   2.1236e+03   9.3026e+03  -2.2860e+03  -5.1490e+03
  -2.6420e+03   1.2273e+04   3.0608e+03  -2.9748e+04

Row 2
  -1.7960e+04  -5.9090e+03   5.1190e+04  -3.6206e+03  -2.5994e+04   5.8597e+03
   6.1364e+03  -9.9537e+03  -9.7097e+03  -1.3405e+03   1.5674e+04   3.8909e+03
  -1.5132e+04   3.2619e+03  -4.2053e+03   7.8113e+03

Row 3
  -3.2167e+03  -3.0777e+03  -3.6206e+03   3.0146e+04   3.1674e+03  -5.6977e+03
  -9.9537e+03   1.7482e+03  -1.3405e+03  -4.5511e+03   3.8909e+03  -1.1120e+04
   3.2619e+03  -6.4932e+03   7.8113e+03  -9.5395e+02

Row 4
   1.0175e+04  -9.8993e+02  -2.5994e+04   3.1674e+03   2.8116e+04  -1.2881e+04
  -1.0756e+04   1.1325e+04   7.6978e+03  -2.4438e+03  -1.2717e+04   2.1038e+03
   1.3014e+04  -5.7264e+03  -9.5364e+03   5.4451e+03

Row 5
  -1.6630e+03   8.4739e+03   5.8597e+03  -5.6977e+03  -1.2881e+04   2.3835e+04
   8.6324e+03  -2.7600e+04  -1.7708e+03   1.0907e+04   2.1038e+03  -5.3271e+03
  -5.7264e+03   1.1153e+04   5.4451e+03  -1.5745e+04

Row 6
  -4.9147e+03   9.0461e+02   6.1364e+03  -9.9537e+03  -1.0756e+04   8.6324e+03
   3.5818e+04  -1.1940e+04  -3.7863e+03   3.3328e+03  -1.1407e+04   1.0037e+04
  -8.8021e+03   5.3846e+03  -2.2883e+03  -6.3985e+03

Row 7
   9.0461e+02  -1.4487e+04  -9.9537e+03   1.7482e+03   1.1325e+04  -2.7600e+04
  -1.1940e+04   5.9401e+04   6.4047e+02  -2.5722e+04   1.0037e+04  -3.2529e+03
   5.3846e+03  -1.5468e+04  -6.3985e+03   2.5381e+04

Row 8
   6.1469e+03   2.1236e+03  -9.7097e+03  -1.3405e+03   7.6978e+03  -1.7708e+03
  -3.7863e+03   6.4047e+02   1.2197e+04   5.1986e+03  -1.7100e+04  -4.1395e+03
   1.0110e+04  -1.6441e+03  -5.5568e+03   9.3209e+02

Row 9
   2.1236e+03   9.3026e+03  -1.3405e+03  -4.5511e+03  -2.4438e+03   1.0907e+04
   3.3328e+03  -2.5722e+04   5.1986e+03   1.9435e+04  -6.8318e+03  -3.1464e+03
  -9.7099e+02   8.3771e+03   9.3209e+02  -1.4602e+04

Row 10
  -1.0270e+04  -2.2860e+03   1.5674e+04   3.8909e+03  -1.2717e+04   2.1038e+03
  -1.1407e+04   1.0037e+04  -1.7100e+04  -6.8318e+03   5.1028e+04  -3.6613e+03
  -2.4665e+04   4.6201e+03   9.4571e+03  -7.8732e+03

Row 11
  -2.2860e+03  -5.1490e+03   3.8909e+03  -1.1120e+04   2.1038e+03  -5.3271e+03
   1.0037e+04  -3.2529e+03  -4.1395e+03  -3.1464e+03  -3.6613e+03   3.0263e+04
   1.9278e+03  -4.7203e+03  -7.8732e+03   2.4535e+03

Row 12
   9.5450e+03  -2.6420e+03  -1.5132e+04   3.2619e+03   1.3014e+04  -5.7264e+03
  -8.8021e+03   5.3846e+03   1.0110e+04  -9.7099e+02  -2.4665e+04   1.9278e+03
   3.1934e+04  -1.4386e+04  -1.6004e+04   1.3151e+04

Row 13
  -1.9689e+03   1.2273e+04   3.2619e+03  -6.4932e+03  -5.7264e+03   1.1153e+04
   5.3846e+03  -1.5468e+04  -1.6441e+03   8.3771e+03   4.6201e+03  -4.7203e+03
  -1.4386e+04   2.7007e+04   1.0459e+04  -3.2130e+04

Row 14
  -7.1655e+03   3.0608e+03  -4.2053e+03   7.8113e+03  -9.5364e+03   5.4451e+03
  -2.2883e+03  -6.3985e+03  -5.5568e+03   9.3209e+02   9.4571e+03  -7.8732e+03
  -1.6004e+04   1.0459e+04   3.5299e+04  -1.3436e+04

Row 15
   3.6852e+02  -2.9748e+04   7.8113e+03  -9.5395e+02   5.4451e+03  -1.5745e+04
  -6.3985e+03   2.5381e+04   9.3209e+02  -1.4602e+04  -7.8732e+03   2.4535e+03
   1.3151e+04  -3.2130e+04  -1.3436e+04   6.5344e+04


***Global Stiffness Matrix (400x400)***   Max Displayed (20x20)
Row 0
   1.0113e+05  -4.8347e+03   1.5674e+04   3.8909e+03   0.0000e+00   0.0000e+00
   0.0000e+00   0.0000e+00   4.9310e+03  -7.8969e+03   0.0000e+00   0.0000e+00
  -4.0814e+04  -8.3547e+02  -4.2053e+03   7.8113e+03   0.0000e+00   0.0000e+00
  -1.5132e+04   3.2619e+03
Row 1
  -4.8347e+03   5.9958e+04   3.8909e+03  -1.1120e+04   0.0000e+00   0.0000e+00
   0.0000e+00   0.0000e+00  -7.8969e+03   1.3253e+03   0.0000e+00   0.0000e+00
  -8.3547e+02  -7.3792e+03   7.8113e+03  -9.5395e+02   0.0000e+00   0.0000e+00
   3.2619e+03  -6.4932e+03
Row 2
   1.5674e+04   3.8909e+03   1.0452e+05  -9.6926e+03   1.2333e+04   6.4888e+03
   0.0000e+00   0.0000e+00   0.0000e+00   0.0000e+00   0.0000e+00   0.0000e+00
  -1.0270e+04  -2.2860e+03   9.4571e+03  -7.8732e+03   0.0000e+00   0.0000e+00
  -3.9655e+04  -1.6645e+03
Row 3
   3.8909e+03  -1.1120e+04  -9.6926e+03   6.1181e+04   6.4888e+03  -1.2238e+04
   0.0000e+00   0.0000e+00   0.0000e+00   0.0000e+00   0.0000e+00   0.0000e+00
  -2.2860e+03  -5.1490e+03  -7.8732e+03   2.4535e+03   0.0000e+00   0.0000e+00
  -1.6645e+03  -7.0193e+03
Row 4
   0.0000e+00   0.0000e+00   1.2333e+04   6.4888e+03   1.1015e+05  -1.4597e+04
   7.4308e+03   9.0948e+03   0.0000e+00   0.0000e+00   0.0000e+00   0.0000e+00
   0.0000e+00   0.0000e+00   0.0000e+00   0.0000e+00   0.0000e+00   0.0000e+00
  -8.9204e+03  -1.9403e+03
Row 5
   0.0000e+00   0.0000e+00   6.4888e+03  -1.2238e+04  -1.4597e+04   6.3209e+04
   9.0948e+03  -1.3879e+04   0.0000e+00   0.0000e+00   0.0000e+00   0.0000e+00
   0.0000e+00   0.0000e+00   0.0000e+00   0.0000e+00   0.0000e+00   0.0000e+00
  -1.9403e+03  -4.7971e+03
Row 6
   0.0000e+00   0.0000e+00   0.0000e+00   0.0000e+00   7.4308e+03   9.0948e+03
   1.1801e+05  -1.9571e+04   0.0000e+00   0.0000e+00   0.0000e+00   0.0000e+00
   0.0000e+00   0.0000e+00   0.0000e+00   0.0000e+00   0.0000e+00   0.0000e+00
   0.0000e+00   0.0000e+00
Row 7
   0.0000e+00   0.0000e+00   0.0000e+00   0.0000e+00   9.0948e+03  -1.3879e+04
  -1.9571e+04   6.6030e+04   0.0000e+00   0.0000e+00   0.0000e+00   0.0000e+00
   0.0000e+00   0.0000e+00   0.0000e+00   0.0000e+00   0.0000e+00   0.0000e+00
   0.0000e+00   0.0000e+00
Row 8
   4.9310e+03  -7.8969e+03   0.0000e+00   0.0000e+00   0.0000e+00   0.0000e+00
   0.0000e+00   0.0000e+00   6.1572e+04  -8.8213e+03  -5.5767e+03   1.0118e+04
  -1.5140e+04   5.5719e+03   0.0000e+00   0.0000e+00   0.0000e+00   0.0000e+00
   0.0000e+00   0.0000e+00
Row 9
  -7.8969e+03   1.3253e+03   0.0000e+00   0.0000e+00   0.0000e+00   0.0000e+00
   0.0000e+00   0.0000e+00  -8.8213e+03   1.2653e+05   1.0118e+04  -1.4861e+03
   5.5719e+03  -5.8839e+04   0.0000e+00   0.0000e+00   0.0000e+00   0.0000e+00
   0.0000e+00   0.0000e+00
Row 10
   0.0000e+00   0.0000e+00   0.0000e+00   0.0000e+00   0.0000e+00   0.0000e+00
   0.0000e+00   0.0000e+00  -5.5767e+03   1.0118e+04   9.3256e+04  -4.8623e+03
  -4.1689e+04  -9.8941e+02   6.1093e+03  -9.9965e+03   1.2638e+04   4.4914e+03
  -8.6943e+03  -1.3211e+03
Row 11
   0.0000e+00   0.0000e+00   0.0000e+00   0.0000e+00   0.0000e+00   0.0000e+00
   0.0000e+00   0.0000e+00   1.0118e+04  -1.4861e+03  -4.8623e+03   6.1088e+04
  -9.8941e+02  -8.0342e+03  -9.9965e+03   1.4311e+03   4.4914e+03  -1.3658e+04
  -1.3211e+03  -4.4937e+03
Row 12
  -4.0814e+04  -8.3547e+02  -1.0270e+04  -2.2860e+03   0.0000e+00   0.0000e+00
   0.0000e+00   0.0000e+00  -1.5140e+04   5.5719e+03  -4.1689e+04  -9.8941e+02
   8.1278e+04  -1.1230e+04  -1.9056e+04   1.2239e+04  -1.1551e+04   1.9832e+03
   1.7134e+04  -4.5956e+03
Row 13
  -8.3547e+02  -7.3792e+03  -2.2860e+03  -5.1490e+03   0.0000e+00   0.0000e+00
   0.0000e+00   0.0000e+00   5.5719e+03  -5.8839e+04  -9.8941e+02  -8.0342e+03
  -1.1230e+04   9.4068e+04   1.2239e+04  -6.0015e+04   1.9832e+03  -5.0922e+03
  -4.5956e+03   2.4042e+04
Row 14
  -4.2053e+03   7.8113e+03   9.4571e+03  -7.8732e+03   0.0000e+00   0.0000e+00
   0.0000e+00   0.0000e+00   0.0000e+00   0.0000e+00   6.1093e+03  -9.9965e+03
  -1.9056e+04   1.2239e+04   7.1819e+04  -2.6456e+04  -1.1360e+04   1.0058e+04
  -2.1130e+04   1.4499e+04
Row 15
   7.8113e+03  -9.5395e+02  -7.8732e+03   2.4535e+03   0.0000e+00   0.0000e+00
   0.0000e+00   0.0000e+00   0.0000e+00   0.0000e+00  -9.9965e+03   1.4311e+03
   1.2239e+04  -6.0015e+04  -2.6456e+04   1.2992e+05   1.0058e+04  -2.9264e+03
   1.4499e+04  -6.0863e+04
Row 16
   0.0000e+00   0.0000e+00   0.0000e+00   0.0000e+00   0.0000e+00   0.0000e+00
   0.0000e+00   0.0000e+00   0.0000e+00   0.0000e+00   1.2638e+04   4.4914e+03
  -1.1551e+04   1.9832e+03  -1.1360e+04   1.0058e+04   9.6557e+04  -9.7445e+03
  -4.0295e+04  -1.9551e+03
Row 17
   0.0000e+00   0.0000e+00   0.0000e+00   0.0000e+00   0.0000e+00   0.0000e+00
   0.0000e+00   0.0000e+00   0.0000e+00   0.0000e+00   4.4914e+03  -1.3658e+04
   1.9832e+03  -5.0922e+03   1.0058e+04  -2.9264e+03  -9.7445e+03   6.2227e+04
  -1.9551e+03  -7.6322e+03
Row 18
  -1.5132e+04   3.2619e+03  -3.9655e+04  -1.6645e+03  -8.9204e+03  -1.9403e+03
   0.0000e+00   0.0000e+00   0.0000e+00   0.0000e+00  -8.6943e+03  -1.3211e+03
   1.7134e+04  -4.5956e+03  -2.1130e+04   1.4499e+04  -4.0295e+04  -1.9551e+03
   9.0581e+04  -2.2465e+04
Row 19
   3.2619e+03  -6.4932e+03  -1.6645e+03  -7.0193e+03  -1.9403e+03  -4.7971e+03
   0.0000e+00   0.0000e+00   0.0000e+00   0.0000e+00  -1.3211e+03  -4.4937e+03
  -4.5956e+03   2.4042e+04   1.4499e+04  -6.0863e+04  -1.9551e+03  -7.6322e+03
  -2.2465e+04   9.7188e+04



 ******************** Results *************************************

     Total number of equations = 400

 ********************* Element Data *******************************

                  (Stresses at element center)
 Elem ID  Material   SigXX         SigYY         SigXY         SigZZ

          Work in progress

 ********************** Nodal Data ********************************

 Node ID        X              Y             UX            UY 
    1       4.4984e+00    8.9480e-01    -5.5780e-03    1.8076e-03
    2       4.4937e+00    1.7891e+00    -5.1228e-03    3.6761e-03
    3       4.4860e+00    2.6824e+00    -4.5651e-03    5.6077e-03
    4       4.4756e+00    3.5743e+00    -3.9992e-03    7.5619e-03
    5       3.9984e+00    3.9480e-01    -5.2926e-03    8.3678e-04
    6       3.5621e+00    6.9841e-01    -4.8226e-03    1.5401e-03
    7       3.9968e+00    7.8959e-01    -5.1760e-03    1.6799e-03
    8       3.9922e+00    1.1839e+00    -4.9943e-03    2.5381e-03
    9       3.5487e+00    1.3954e+00    -4.4496e-03    3.1279e-03
    10       3.9875e+00    1.5782e+00    -4.7717e-03    3.4077e-03
    11       3.9798e+00    1.9715e+00    -4.5239e-03    4.2896e-03
    12       3.5267e+00    2.0895e+00    -3.9847e-03    4.7565e-03
    13       3.9721e+00    2.3648e+00    -4.2680e-03    5.1771e-03
    14       3.9616e+00    2.7567e+00    -4.0120e-03    6.0642e-03
    15       3.4966e+00    2.7795e+00    -3.5225e-03    6.3838e-03
    16       3.9511e+00    3.1485e+00    -3.7604e-03    6.9485e-03
    17       3.9381e+00    3.5385e+00    -3.5110e-03    7.8237e-03
    18       3.1304e+00    3.0362e-01    -4.5779e-03    6.8640e-04
    19       2.7596e+00    5.3009e-01    -4.1925e-03    1.2413e-03
    20       3.1274e+00    6.0724e-01    -4.4751e-03    1.3820e-03
    21       3.1187e+00    9.0992e-01    -4.3138e-03    2.0908e-03
    22       2.7387e+00    1.0579e+00    -3.8373e-03    2.5382e-03
    23       3.1099e+00    1.2126e+00    -4.1179e-03    2.8165e-03
    24       3.0956e+00    1.5134e+00    -3.8988e-03    3.5533e-03
    25       2.7043e+00    1.5814e+00    -3.3993e-03    3.8892e-03
    26       3.0812e+00    1.8143e+00    -3.6763e-03    4.2987e-03
    27       3.0616e+00    2.1124e+00    -3.4557e-03    5.0425e-03
    28       2.6575e+00    2.0984e+00    -2.9802e-03    5.2483e-03
    29       3.0421e+00    2.4106e+00    -3.2465e-03    5.7825e-03
    30       3.0177e+00    2.7052e+00    -3.0474e-03    6.5101e-03
    31       2.3959e+00    2.2647e-01    -4.0313e-03    5.4524e-04
    32       2.0909e+00    3.8981e-01    -3.7310e-03    9.9150e-04
    33       2.3918e+00    4.5294e-01    -3.9282e-03    1.1000e-03
    34       2.3796e+00    6.7810e-01    -3.7653e-03    1.6685e-03
    35       2.0636e+00    7.7673e-01    -3.3624e-03    2.0363e-03
    36       2.3674e+00    9.0327e-01    -3.5670e-03    2.2564e-03
    37       2.3474e+00    1.1259e+00    -3.3435e-03    2.8574e-03
    38       2.0190e+00    1.1579e+00    -2.8961e-03    3.1404e-03
    39       2.3274e+00    1.3485e+00    -3.1182e-03    3.4716e-03
    40       2.3001e+00    1.5673e+00    -2.8953e-03    4.0864e-03
    41       1.9582e+00    1.5307e+00    -2.4455e-03    4.2638e-03
    42       2.2729e+00    1.7862e+00    -2.6894e-03    4.7016e-03
    43       2.2390e+00    2.0001e+00    -2.4990e-03    5.3044e-03
    44       1.7950e+00    1.6334e-01    -3.6542e-03    4.4658e-04
    45       1.5558e+00    2.7759e-01    -3.4193e-03    8.5954e-04
    46       1.7899e+00    3.2669e-01    -3.5512e-03    9.0071e-04
    47       1.7749e+00    4.8844e-01    -3.3866e-03    1.3647e-03
    48       1.5236e+00    5.5176e-01    -3.0612e-03    1.7496e-03
    49       1.7599e+00    6.5018e-01    -3.1810e-03    1.8457e-03
    50       1.7353e+00    8.0877e-01    -2.9428e-03    2.3376e-03
    51       1.4708e+00    8.1915e-01    -2.5737e-03    2.6796e-03
    52       1.7107e+00    9.6736e-01    -2.6966e-03    2.8439e-03
    53       1.6771e+00    1.1213e+00    -2.4461e-03    3.3529e-03
    54       1.3988e+00    1.0766e+00    -2.0638e-03    3.6283e-03
    55       1.6435e+00    1.2753e+00    -2.2113e-03    3.8653e-03
    56       1.6018e+00    1.4232e+00    -1.9922e-03    4.3682e-03
    57       1.3276e+00    1.1425e-01    -3.3456e-03    4.3655e-04
    58       1.1546e+00    1.9343e-01    -3.0964e-03    9.5418e-04
    59       1.3218e+00    2.2850e-01    -3.2629e-03    8.7279e-04
    60       1.3046e+00    3.4092e-01    -3.1266e-03    1.3130e-03
    61       1.1186e+00    3.8303e-01    -2.8543e-03    1.8943e-03
    62       1.2874e+00    4.5333e-01    -2.9479e-03    1.7532e-03
    63       1.2592e+00    5.6213e-01    -2.7321e-03    2.1995e-03
    64       1.0597e+00    5.6507e-01    -2.4822e-03    2.8132e-03
    65       1.2310e+00    6.7093e-01    -2.4928e-03    2.6463e-03
    66       1.1925e+00    7.7442e-01    -2.2380e-03    3.0973e-03
    67       9.7922e-01    7.3600e-01    -2.0288e-03    3.7067e-03
    68       1.1540e+00    8.7791e-01    -1.9816e-03    3.5466e-03
    69       1.1063e+00    9.7453e-01    -1.7323e-03    3.9916e-03
    70       1.8974e-01    1.1552e+00    -2.4867e-04    7.2915e-03
    71       3.7591e-01    1.1209e+00    -5.1328e-04    6.8819e-03
    72       5.5507e-01    1.0647e+00    -8.1168e-04    6.2455e-03
    73       7.2389e-01    9.8802e-01    -1.1571e-03    5.4487e-03
    74       1.1248e-01    1.3278e+00    -8.2373e-05    7.4548e-03
    75       2.7428e-01    1.5564e+00    -1.4631e-04    7.4258e-03
    76       2.2496e-01    1.3223e+00    -1.6983e-04    7.3261e-03
    77       3.3575e-01    1.3059e+00    -2.6938e-04    7.1187e-03
    78       5.4538e-01    1.5257e+00    -3.6383e-04    6.8999e-03
    79       4.4653e-01    1.2896e+00    -3.8362e-04    6.8406e-03
    80       5.5395e-01    1.2627e+00    -5.1832e-04    6.5044e-03
    81       8.1019e-01    1.4754e+00    -6.9088e-04    6.1608e-03
    82       6.6137e-01    1.2358e+00    -6.7428e-04    6.1231e-03
    83       7.6385e-01    1.1991e+00    -8.5280e-04    5.7106e-03
    84       1.0657e+00    1.4067e+00    -1.1185e-03    5.3458e-03
    85       8.6633e-01    1.1624e+00    -1.0528e-03    5.2823e-03
    86       9.6241e-01    1.1168e+00    -1.2687e-03    4.8511e-03
    87       1.6180e-01    1.7952e+00    -7.6094e-05    7.7403e-03
    88       3.8702e-01    2.0913e+00    -2.1687e-04    7.9119e-03
    89       3.2360e-01    1.7904e+00    -1.6545e-04    7.5952e-03
    90       4.8392e-01    1.7761e+00    -2.7554e-04    7.3602e-03
    91       7.7134e-01    2.0654e+00    -5.2899e-04    7.3910e-03
    92       6.4424e-01    1.7618e+00    -4.1741e-04    7.0634e-03
    93       8.0163e-01    1.7384e+00    -5.8838e-04    6.7126e-03
    94       1.1504e+00    2.0229e+00    -9.6803e-04    6.7051e-03
    95       9.5901e-01    1.7149e+00    -7.9260e-04    6.3415e-03
    96       1.1121e+00    1.6829e+00    -1.0205e-03    5.9525e-03
    97       1.5216e+00    1.9648e+00    -1.4995e-03    6.0004e-03
    98       1.2652e+00    1.6509e+00    -1.2701e-03    5.5747e-03
    99       1.4126e+00    1.6110e+00    -1.5306e-03    5.2059e-03
    100       2.2521e-01    2.3961e+00    -1.3105e-04    8.4507e-03
    101       5.2793e-01    2.7600e+00    -3.5060e-04    8.8777e-03
    102       4.5043e-01    2.3922e+00    -2.7698e-04    8.3103e-03
    103       6.7444e-01    2.3806e+00    -4.4765e-04    8.0839e-03
    104       1.0538e+00    2.7400e+00    -7.9513e-04    8.3887e-03
    105       8.9845e-01    2.3690e+00    -6.5105e-04    7.8059e-03
    106       1.1201e+00    2.3499e+00    -8.8498e-04    7.4845e-03
    107       1.5756e+00    2.7073e+00    -1.3529e-03    7.7640e-03
    108       1.3417e+00    2.3309e+00    -1.1479e-03    7.1538e-03
    109       1.5598e+00    2.3049e+00    -1.4301e-03    6.8156e-03
    110       2.0913e+00    2.6626e+00    -1.9789e-03    7.1376e-03
    111       1.7779e+00    2.2788e+00    -1.7266e-03    6.4938e-03
    112       1.9915e+00    2.2465e+00    -2.0273e-03    6.1838e-03
    113       3.0272e-01    3.1305e+00    -2.0088e-04    9.6411e-03
    114       6.9703e-01    3.5624e+00    -4.7569e-04    1.0295e-02
    115       6.0544e-01    3.1277e+00    -4.1590e-04    9.5047e-03
    116       9.0729e-01    3.1194e+00    -6.5373e-04    9.2868e-03
    117       1.3927e+00    3.5496e+00    -1.0332e-03    9.7999e-03
    118       1.2091e+00    3.1111e+00    -9.2033e-04    9.0209e-03
    119       1.5093e+00    3.0974e+00    -1.2130e-03    8.7172e-03
    120       2.0858e+00    3.5286e+00    -1.6831e-03    9.1738e-03
    121       1.8094e+00    3.0837e+00    -1.5273e-03    8.4058e-03
    122       2.1071e+00    3.0650e+00    -1.8557e-03    8.0906e-03
    123       2.7750e+00    3.4999e+00    -2.3829e-03    8.5479e-03
    124       2.4047e+00    3.0463e+00    -2.1909e-03    7.7893e-03
    125       2.6990e+00    3.0231e+00    -2.5274e-03    7.4986e-03
    126       3.9431e-01    3.9985e+00    -2.4744e-04    1.1264e-02
    127       8.9431e-01    4.4985e+00    -4.8770e-04    1.2071e-02
    128       7.8863e-01    3.9970e+00    -5.0545e-04    1.1114e-02
    129       1.1825e+00    3.9925e+00    -7.8875e-04    1.0879e-02
    130       1.7882e+00    4.4940e+00    -1.0788e-03    1.1495e-02
    131       1.5763e+00    3.9881e+00    -1.0938e-03    1.0590e-02
    132       1.9693e+00    3.9807e+00    -1.4262e-03    1.0267e-02
    133       2.6811e+00    4.4867e+00    -1.7965e-03    1.0799e-02
    134       2.3622e+00    3.9734e+00    -1.7762e-03    9.9352e-03
    135       2.7538e+00    3.9634e+00    -2.1403e-03    9.6051e-03
    136       3.5727e+00    4.4767e+00    -2.5961e-03    1.0128e-02
    137       3.1454e+00    3.9534e+00    -2.5123e-03    9.2884e-03
    138       3.5352e+00    3.9409e+00    -2.8862e-03    8.9831e-03
    139       1.1667e+00    0.0000e+00    -3.1800e-03    0.0000e+00
    140       1.3333e+00    0.0000e+00    -3.3754e-03    0.0000e+00
    141       1.5667e+00    0.0000e+00    -3.5517e-03    0.0000e+00
    142       1.8000e+00    0.0000e+00    -3.6913e-03    0.0000e+00
    143       2.1000e+00    0.0000e+00    -3.8733e-03    0.0000e+00
    144       2.4000e+00    0.0000e+00    -4.0694e-03    0.0000e+00
    145       2.7667e+00    0.0000e+00    -4.3324e-03    0.0000e+00
    146       3.1333e+00    0.0000e+00    -4.6159e-03    0.0000e+00
    147       3.5667e+00    0.0000e+00    -4.9695e-03    0.0000e+00
    148       4.0000e+00    0.0000e+00    -5.3356e-03    0.0000e+00
    149       4.5000e+00    0.0000e+00    -5.7605e-03    0.0000e+00
    150       4.4625e+00    4.4642e+00    -3.4263e-03    9.5066e-03
    151       3.9250e+00    3.9285e+00    -3.2609e-03    8.6912e-03
    152       3.4592e+00    3.4642e+00    -3.0876e-03    7.9731e-03
    153       2.9934e+00    2.9999e+00    -2.8604e-03    7.2267e-03
    154       2.5993e+00    2.6070e+00    -2.6168e-03    6.5684e-03
    155       2.2051e+00    2.2141e+00    -2.3292e-03    5.8981e-03
    156       1.8826e+00    1.8926e+00    -2.0644e-03    5.3546e-03
    157       1.5601e+00    1.5712e+00    -1.7981e-03    4.8632e-03
    158       1.3093e+00    1.3212e+00    -1.6049e-03    4.5544e-03
    159       1.0585e+00    1.0711e+00    -1.4994e-03    4.4291e-03
    160       8.7933e-01    8.9256e-01    -1.5511e-03    4.5662e-03
    161       0.0000e+00    4.5000e+00    0.0000e+00    1.2302e-02
    162       0.0000e+00    4.0000e+00    0.0000e+00    1.1320e-02
    163       0.0000e+00    3.5667e+00    0.0000e+00    1.0487e-02
    164       0.0000e+00    3.1333e+00    0.0000e+00    9.6926e-03
    165       0.0000e+00    2.7667e+00    0.0000e+00    9.0668e-03
    166       0.0000e+00    2.4000e+00    0.0000e+00    8.5037e-03
    167       0.0000e+00    2.1000e+00    0.0000e+00    8.1091e-03
    168       0.0000e+00    1.8000e+00    0.0000e+00    7.7929e-03
    169       0.0000e+00    1.5667e+00    0.0000e+00    7.6173e-03
    170       0.0000e+00    1.3333e+00    0.0000e+00    7.4980e-03
    171       0.0000e+00    1.1667e+00    0.0000e+00    7.4327e-03
    172       5.0000e+00    5.0000e-01    -6.1156e-03    9.2186e-04
    173       5.0000e+00    1.0000e+00    -5.9619e-03    1.8616e-03
    174       5.0000e+00    1.5000e+00    -5.7334e-03    2.8460e-03
    175       5.0000e+00    2.0000e+00    -5.4562e-03    3.8634e-03
    176       5.0000e+00    2.5000e+00    -5.1552e-03    4.9179e-03
    177       5.0000e+00    3.0000e+00    -4.8461e-03    5.9912e-03
    178       5.0000e+00    3.5000e+00    -4.5345e-03    7.0720e-03
    179       5.0000e+00    4.0000e+00    -4.2203e-03    8.1555e-03
    180       5.0000e+00    4.5000e+00    -3.9012e-03    9.2358e-03
    181       9.9684e-01    7.9432e-02    -2.8032e-03    5.7905e-04
    182       9.8738e-01    1.5836e-01    -2.7746e-03    1.1531e-03
    183       9.7168e-01    2.3629e-01    -2.7301e-03    1.7221e-03
    184       9.4984e-01    3.1273e-01    -2.6643e-03    2.2771e-03
    185       9.2200e-01    3.8719e-01    -2.5852e-03    2.8203e-03
    186       8.8833e-01    4.5920e-01    -2.4841e-03    3.3429e-03
    187       8.4905e-01    5.2831e-01    -2.3718e-03    3.8453e-03
    188       8.0440e-01    5.9408e-01    -2.2396e-03    4.3232e-03
    189       7.5467e-01    6.5610e-01    -2.0989e-03    4.7699e-03
    190       4.5000e+00    5.0000e+00    -3.1104e-03    1.0642e-02
    191       4.0000e+00    5.0000e+00    -2.6479e-03    1.0972e-02
    192       3.5000e+00    5.0000e+00    -2.1850e-03    1.1310e-02
    193       3.0000e+00    5.0000e+00    -1.7376e-03    1.1664e-02
    194       2.5000e+00    5.0000e+00    -1.3169e-03    1.2028e-02
    195       2.0000e+00    5.0000e+00    -9.3697e-04    1.2393e-02
    196       1.5000e+00    5.0000e+00    -6.2226e-04    1.2734e-02
    197       1.0000e+00    5.0000e+00    -3.6177e-04    1.3016e-02
    198       5.0000e-01    5.0000e+00    -1.6745e-04    1.3207e-02
    199       6.4274e-01    7.6608e-01    -1.7837e-03    5.5718e-03
    200       5.8145e-01    8.1358e-01    -1.6185e-03    5.9193e-03
    201       5.1666e-01    8.5619e-01    -1.4384e-03    6.2378e-03
    202       4.4877e-01    8.9365e-01    -1.2512e-03    6.5134e-03
    203       3.7817e-01    9.2574e-01    -1.0556e-03    6.7554e-03
    204       3.0530e-01    9.5226e-01    -8.5234e-04    6.9501e-03
    205       2.3060e-01    9.7305e-01    -6.4503e-04    7.1076e-03
    206       1.5451e-01    9.8799e-01    -4.3158e-04    7.2170e-03
    207       7.7486e-02    9.9699e-01    -2.1697e-04    7.2858e-03
    208       7.0017e-01    7.1397e-01    -1.9430e-03    5.1886e-03
    209       5.0000e+00    0.0000e+00    -6.1683e-03    0.0000e+00
    210       5.0000e+00    5.0000e+00    -3.5748e-03    1.0317e-02
    211       0.0000e+00    5.0000e+00    0.0000e+00    1.3272e-02
    212       1.0000e+00    0.0000e+00    -2.8117e-03    0.0000e+00
    213       0.0000e+00    1.0000e+00    0.0000e+00    7.3067e-03

 Node ID      SigXX           SigYY         SigXY         SigZZ

          Work in progress


 ***** End of results ***** 